  [1m[35m (189.2ms)[0m  [1m[35mCREATE DATABASE "control_route_development" ENCODING = 'unicode'[0m
  ↳ bin/rails:9
  [1m[35m (65.3ms)[0m  [1m[35mCREATE DATABASE "control_route_test" ENCODING = 'unicode'[0m
  ↳ bin/rails:9
Started GET "/users" for ::1 at 2022-05-25 14:53:32 -0700
  
AbstractController::ActionNotFound (The action 'index' could not be found for UsersController):
  
actionpack (5.2.8) lib/abstract_controller/base.rb:129:in `process'
actionview (5.2.8) lib/action_view/rendering.rb:32:in `process'
actionpack (5.2.8) lib/action_controller/metal.rb:191:in `dispatch'
actionpack (5.2.8) lib/action_controller/metal.rb:252:in `dispatch'
actionpack (5.2.8) lib/action_dispatch/routing/route_set.rb:52:in `dispatch'
actionpack (5.2.8) lib/action_dispatch/routing/route_set.rb:34:in `serve'
actionpack (5.2.8) lib/action_dispatch/journey/router.rb:52:in `block in serve'
actionpack (5.2.8) lib/action_dispatch/journey/router.rb:35:in `each'
actionpack (5.2.8) lib/action_dispatch/journey/router.rb:35:in `serve'
actionpack (5.2.8) lib/action_dispatch/routing/route_set.rb:840:in `call'
rack (2.2.3) lib/rack/tempfile_reaper.rb:15:in `call'
rack (2.2.3) lib/rack/etag.rb:27:in `call'
rack (2.2.3) lib/rack/conditional_get.rb:27:in `call'
rack (2.2.3) lib/rack/head.rb:12:in `call'
actionpack (5.2.8) lib/action_dispatch/http/content_security_policy.rb:18:in `call'
rack (2.2.3) lib/rack/session/abstract/id.rb:266:in `context'
rack (2.2.3) lib/rack/session/abstract/id.rb:260:in `call'
actionpack (5.2.8) lib/action_dispatch/middleware/cookies.rb:670:in `call'
activerecord (5.2.8) lib/active_record/migration.rb:559:in `call'
actionpack (5.2.8) lib/action_dispatch/middleware/callbacks.rb:28:in `block in call'
activesupport (5.2.8) lib/active_support/callbacks.rb:98:in `run_callbacks'
actionpack (5.2.8) lib/action_dispatch/middleware/callbacks.rb:26:in `call'
actionpack (5.2.8) lib/action_dispatch/middleware/executor.rb:14:in `call'
actionpack (5.2.8) lib/action_dispatch/middleware/debug_exceptions.rb:61:in `call'
web-console (3.7.0) lib/web_console/middleware.rb:135:in `call_app'
web-console (3.7.0) lib/web_console/middleware.rb:30:in `block in call'
web-console (3.7.0) lib/web_console/middleware.rb:20:in `catch'
web-console (3.7.0) lib/web_console/middleware.rb:20:in `call'
actionpack (5.2.8) lib/action_dispatch/middleware/show_exceptions.rb:33:in `call'
railties (5.2.8) lib/rails/rack/logger.rb:38:in `call_app'
railties (5.2.8) lib/rails/rack/logger.rb:26:in `block in call'
activesupport (5.2.8) lib/active_support/tagged_logging.rb:71:in `block in tagged'
activesupport (5.2.8) lib/active_support/tagged_logging.rb:28:in `tagged'
activesupport (5.2.8) lib/active_support/tagged_logging.rb:71:in `tagged'
railties (5.2.8) lib/rails/rack/logger.rb:26:in `call'
sprockets-rails (3.4.2) lib/sprockets/rails/quiet_assets.rb:13:in `call'
actionpack (5.2.8) lib/action_dispatch/middleware/remote_ip.rb:81:in `call'
actionpack (5.2.8) lib/action_dispatch/middleware/request_id.rb:27:in `call'
rack (2.2.3) lib/rack/method_override.rb:24:in `call'
rack (2.2.3) lib/rack/runtime.rb:22:in `call'
activesupport (5.2.8) lib/active_support/cache/strategy/local_cache_middleware.rb:29:in `call'
actionpack (5.2.8) lib/action_dispatch/middleware/executor.rb:14:in `call'
actionpack (5.2.8) lib/action_dispatch/middleware/static.rb:127:in `call'
rack (2.2.3) lib/rack/sendfile.rb:110:in `call'
railties (5.2.8) lib/rails/engine.rb:524:in `call'
puma (3.12.6) lib/puma/configuration.rb:227:in `call'
puma (3.12.6) lib/puma/server.rb:706:in `handle_request'
puma (3.12.6) lib/puma/server.rb:476:in `process_client'
puma (3.12.6) lib/puma/server.rb:334:in `block in run'
puma (3.12.6) lib/puma/thread_pool.rb:135:in `block in spawn_thread'
Started GET "/users" for ::1 at 2022-05-25 14:54:34 -0700
Processing by UsersController#index as */*
No template found for UsersController#index, rendering head :no_content
Completed 204 No Content in 202ms (ActiveRecord: 0.0ms)


Started GET "/users" for ::1 at 2022-05-25 14:55:44 -0700
Processing by UsersController#index as */*
  Rendering text template
  Rendered text template (0.0ms)
Completed 200 OK in 10ms (Views: 5.3ms | ActiveRecord: 0.0ms)


Started GET "/users?fav_food=pizza" for ::1 at 2022-05-25 14:59:29 -0700
Processing by UsersController#index as */*
  Parameters: {"fav_food"=>"pizza"}
  Rendering text template
  Rendered text template (0.0ms)
Completed 200 OK in 1ms (Views: 0.3ms | ActiveRecord: 0.0ms)


Started GET "/users/new" for ::1 at 2022-05-25 14:59:57 -0700
  
AbstractController::ActionNotFound (The action 'show' could not be found for UsersController):
  
actionpack (5.2.8) lib/abstract_controller/base.rb:129:in `process'
actionview (5.2.8) lib/action_view/rendering.rb:32:in `process'
actionpack (5.2.8) lib/action_controller/metal.rb:191:in `dispatch'
actionpack (5.2.8) lib/action_controller/metal.rb:252:in `dispatch'
actionpack (5.2.8) lib/action_dispatch/routing/route_set.rb:52:in `dispatch'
actionpack (5.2.8) lib/action_dispatch/routing/route_set.rb:34:in `serve'
actionpack (5.2.8) lib/action_dispatch/journey/router.rb:52:in `block in serve'
actionpack (5.2.8) lib/action_dispatch/journey/router.rb:35:in `each'
actionpack (5.2.8) lib/action_dispatch/journey/router.rb:35:in `serve'
actionpack (5.2.8) lib/action_dispatch/routing/route_set.rb:840:in `call'
rack (2.2.3) lib/rack/tempfile_reaper.rb:15:in `call'
rack (2.2.3) lib/rack/etag.rb:27:in `call'
rack (2.2.3) lib/rack/conditional_get.rb:27:in `call'
rack (2.2.3) lib/rack/head.rb:12:in `call'
actionpack (5.2.8) lib/action_dispatch/http/content_security_policy.rb:18:in `call'
rack (2.2.3) lib/rack/session/abstract/id.rb:266:in `context'
rack (2.2.3) lib/rack/session/abstract/id.rb:260:in `call'
actionpack (5.2.8) lib/action_dispatch/middleware/cookies.rb:670:in `call'
activerecord (5.2.8) lib/active_record/migration.rb:559:in `call'
actionpack (5.2.8) lib/action_dispatch/middleware/callbacks.rb:28:in `block in call'
activesupport (5.2.8) lib/active_support/callbacks.rb:98:in `run_callbacks'
actionpack (5.2.8) lib/action_dispatch/middleware/callbacks.rb:26:in `call'
actionpack (5.2.8) lib/action_dispatch/middleware/executor.rb:14:in `call'
actionpack (5.2.8) lib/action_dispatch/middleware/debug_exceptions.rb:61:in `call'
web-console (3.7.0) lib/web_console/middleware.rb:135:in `call_app'
web-console (3.7.0) lib/web_console/middleware.rb:30:in `block in call'
web-console (3.7.0) lib/web_console/middleware.rb:20:in `catch'
web-console (3.7.0) lib/web_console/middleware.rb:20:in `call'
actionpack (5.2.8) lib/action_dispatch/middleware/show_exceptions.rb:33:in `call'
railties (5.2.8) lib/rails/rack/logger.rb:38:in `call_app'
railties (5.2.8) lib/rails/rack/logger.rb:26:in `block in call'
activesupport (5.2.8) lib/active_support/tagged_logging.rb:71:in `block in tagged'
activesupport (5.2.8) lib/active_support/tagged_logging.rb:28:in `tagged'
activesupport (5.2.8) lib/active_support/tagged_logging.rb:71:in `tagged'
railties (5.2.8) lib/rails/rack/logger.rb:26:in `call'
sprockets-rails (3.4.2) lib/sprockets/rails/quiet_assets.rb:13:in `call'
actionpack (5.2.8) lib/action_dispatch/middleware/remote_ip.rb:81:in `call'
actionpack (5.2.8) lib/action_dispatch/middleware/request_id.rb:27:in `call'
rack (2.2.3) lib/rack/method_override.rb:24:in `call'
rack (2.2.3) lib/rack/runtime.rb:22:in `call'
activesupport (5.2.8) lib/active_support/cache/strategy/local_cache_middleware.rb:29:in `call'
actionpack (5.2.8) lib/action_dispatch/middleware/executor.rb:14:in `call'
actionpack (5.2.8) lib/action_dispatch/middleware/static.rb:127:in `call'
rack (2.2.3) lib/rack/sendfile.rb:110:in `call'
railties (5.2.8) lib/rails/engine.rb:524:in `call'
puma (3.12.6) lib/puma/configuration.rb:227:in `call'
puma (3.12.6) lib/puma/server.rb:706:in `handle_request'
puma (3.12.6) lib/puma/server.rb:476:in `process_client'
puma (3.12.6) lib/puma/server.rb:334:in `block in run'
puma (3.12.6) lib/puma/thread_pool.rb:135:in `block in spawn_thread'
Started GET "/users?admin=true" for ::1 at 2022-05-25 15:00:14 -0700
Processing by UsersController#index as */*
  Parameters: {"admin"=>"true"}
  Rendering text template
  Rendered text template (0.0ms)
Completed 200 OK in 1ms (Views: 0.4ms | ActiveRecord: 0.0ms)


Started GET "/users?drop_table" for ::1 at 2022-05-25 15:00:33 -0700
Processing by UsersController#index as */*
  Parameters: {"drop_table"=>nil}
  Rendering text template
  Rendered text template (0.0ms)
Completed 200 OK in 1ms (Views: 0.3ms | ActiveRecord: 0.0ms)


Started GET "/users" for ::1 at 2022-05-25 15:01:55 -0700
Processing by UsersController#index as */*
  Parameters: {"pizza"=>"deliver"}
  Rendering text template
  Rendered text template (0.0ms)
Completed 200 OK in 1ms (Views: 0.3ms | ActiveRecord: 0.0ms)


Started GET "/users/new" for ::1 at 2022-05-25 15:02:30 -0700
  
AbstractController::ActionNotFound (The action 'show' could not be found for UsersController):
  
actionpack (5.2.8) lib/abstract_controller/base.rb:129:in `process'
actionview (5.2.8) lib/action_view/rendering.rb:32:in `process'
actionpack (5.2.8) lib/action_controller/metal.rb:191:in `dispatch'
actionpack (5.2.8) lib/action_controller/metal.rb:252:in `dispatch'
actionpack (5.2.8) lib/action_dispatch/routing/route_set.rb:52:in `dispatch'
actionpack (5.2.8) lib/action_dispatch/routing/route_set.rb:34:in `serve'
actionpack (5.2.8) lib/action_dispatch/journey/router.rb:52:in `block in serve'
actionpack (5.2.8) lib/action_dispatch/journey/router.rb:35:in `each'
actionpack (5.2.8) lib/action_dispatch/journey/router.rb:35:in `serve'
actionpack (5.2.8) lib/action_dispatch/routing/route_set.rb:840:in `call'
rack (2.2.3) lib/rack/tempfile_reaper.rb:15:in `call'
rack (2.2.3) lib/rack/etag.rb:27:in `call'
rack (2.2.3) lib/rack/conditional_get.rb:27:in `call'
rack (2.2.3) lib/rack/head.rb:12:in `call'
actionpack (5.2.8) lib/action_dispatch/http/content_security_policy.rb:18:in `call'
rack (2.2.3) lib/rack/session/abstract/id.rb:266:in `context'
rack (2.2.3) lib/rack/session/abstract/id.rb:260:in `call'
actionpack (5.2.8) lib/action_dispatch/middleware/cookies.rb:670:in `call'
activerecord (5.2.8) lib/active_record/migration.rb:559:in `call'
actionpack (5.2.8) lib/action_dispatch/middleware/callbacks.rb:28:in `block in call'
activesupport (5.2.8) lib/active_support/callbacks.rb:98:in `run_callbacks'
actionpack (5.2.8) lib/action_dispatch/middleware/callbacks.rb:26:in `call'
actionpack (5.2.8) lib/action_dispatch/middleware/executor.rb:14:in `call'
actionpack (5.2.8) lib/action_dispatch/middleware/debug_exceptions.rb:61:in `call'
web-console (3.7.0) lib/web_console/middleware.rb:135:in `call_app'
web-console (3.7.0) lib/web_console/middleware.rb:30:in `block in call'
web-console (3.7.0) lib/web_console/middleware.rb:20:in `catch'
web-console (3.7.0) lib/web_console/middleware.rb:20:in `call'
actionpack (5.2.8) lib/action_dispatch/middleware/show_exceptions.rb:33:in `call'
railties (5.2.8) lib/rails/rack/logger.rb:38:in `call_app'
railties (5.2.8) lib/rails/rack/logger.rb:26:in `block in call'
activesupport (5.2.8) lib/active_support/tagged_logging.rb:71:in `block in tagged'
activesupport (5.2.8) lib/active_support/tagged_logging.rb:28:in `tagged'
activesupport (5.2.8) lib/active_support/tagged_logging.rb:71:in `tagged'
railties (5.2.8) lib/rails/rack/logger.rb:26:in `call'
sprockets-rails (3.4.2) lib/sprockets/rails/quiet_assets.rb:13:in `call'
actionpack (5.2.8) lib/action_dispatch/middleware/remote_ip.rb:81:in `call'
actionpack (5.2.8) lib/action_dispatch/middleware/request_id.rb:27:in `call'
rack (2.2.3) lib/rack/method_override.rb:24:in `call'
rack (2.2.3) lib/rack/runtime.rb:22:in `call'
activesupport (5.2.8) lib/active_support/cache/strategy/local_cache_middleware.rb:29:in `call'
actionpack (5.2.8) lib/action_dispatch/middleware/executor.rb:14:in `call'
actionpack (5.2.8) lib/action_dispatch/middleware/static.rb:127:in `call'
rack (2.2.3) lib/rack/sendfile.rb:110:in `call'
railties (5.2.8) lib/rails/engine.rb:524:in `call'
puma (3.12.6) lib/puma/configuration.rb:227:in `call'
puma (3.12.6) lib/puma/server.rb:706:in `handle_request'
puma (3.12.6) lib/puma/server.rb:476:in `process_client'
puma (3.12.6) lib/puma/server.rb:334:in `block in run'
puma (3.12.6) lib/puma/thread_pool.rb:135:in `block in spawn_thread'
Started GET "/users/new" for ::1 at 2022-05-25 15:05:14 -0700
  
AbstractController::ActionNotFound (The action 'show' could not be found for UsersController):
  
actionpack (5.2.8) lib/abstract_controller/base.rb:129:in `process'
actionview (5.2.8) lib/action_view/rendering.rb:32:in `process'
actionpack (5.2.8) lib/action_controller/metal.rb:191:in `dispatch'
actionpack (5.2.8) lib/action_controller/metal.rb:252:in `dispatch'
actionpack (5.2.8) lib/action_dispatch/routing/route_set.rb:52:in `dispatch'
actionpack (5.2.8) lib/action_dispatch/routing/route_set.rb:34:in `serve'
actionpack (5.2.8) lib/action_dispatch/journey/router.rb:52:in `block in serve'
actionpack (5.2.8) lib/action_dispatch/journey/router.rb:35:in `each'
actionpack (5.2.8) lib/action_dispatch/journey/router.rb:35:in `serve'
actionpack (5.2.8) lib/action_dispatch/routing/route_set.rb:840:in `call'
rack (2.2.3) lib/rack/tempfile_reaper.rb:15:in `call'
rack (2.2.3) lib/rack/etag.rb:27:in `call'
rack (2.2.3) lib/rack/conditional_get.rb:27:in `call'
rack (2.2.3) lib/rack/head.rb:12:in `call'
actionpack (5.2.8) lib/action_dispatch/http/content_security_policy.rb:18:in `call'
rack (2.2.3) lib/rack/session/abstract/id.rb:266:in `context'
rack (2.2.3) lib/rack/session/abstract/id.rb:260:in `call'
actionpack (5.2.8) lib/action_dispatch/middleware/cookies.rb:670:in `call'
activerecord (5.2.8) lib/active_record/migration.rb:559:in `call'
actionpack (5.2.8) lib/action_dispatch/middleware/callbacks.rb:28:in `block in call'
activesupport (5.2.8) lib/active_support/callbacks.rb:98:in `run_callbacks'
actionpack (5.2.8) lib/action_dispatch/middleware/callbacks.rb:26:in `call'
actionpack (5.2.8) lib/action_dispatch/middleware/executor.rb:14:in `call'
actionpack (5.2.8) lib/action_dispatch/middleware/debug_exceptions.rb:61:in `call'
web-console (3.7.0) lib/web_console/middleware.rb:135:in `call_app'
web-console (3.7.0) lib/web_console/middleware.rb:30:in `block in call'
web-console (3.7.0) lib/web_console/middleware.rb:20:in `catch'
web-console (3.7.0) lib/web_console/middleware.rb:20:in `call'
actionpack (5.2.8) lib/action_dispatch/middleware/show_exceptions.rb:33:in `call'
railties (5.2.8) lib/rails/rack/logger.rb:38:in `call_app'
railties (5.2.8) lib/rails/rack/logger.rb:26:in `block in call'
activesupport (5.2.8) lib/active_support/tagged_logging.rb:71:in `block in tagged'
activesupport (5.2.8) lib/active_support/tagged_logging.rb:28:in `tagged'
activesupport (5.2.8) lib/active_support/tagged_logging.rb:71:in `tagged'
railties (5.2.8) lib/rails/rack/logger.rb:26:in `call'
sprockets-rails (3.4.2) lib/sprockets/rails/quiet_assets.rb:13:in `call'
actionpack (5.2.8) lib/action_dispatch/middleware/remote_ip.rb:81:in `call'
actionpack (5.2.8) lib/action_dispatch/middleware/request_id.rb:27:in `call'
rack (2.2.3) lib/rack/method_override.rb:24:in `call'
rack (2.2.3) lib/rack/runtime.rb:22:in `call'
activesupport (5.2.8) lib/active_support/cache/strategy/local_cache_middleware.rb:29:in `call'
actionpack (5.2.8) lib/action_dispatch/middleware/executor.rb:14:in `call'
actionpack (5.2.8) lib/action_dispatch/middleware/static.rb:127:in `call'
rack (2.2.3) lib/rack/sendfile.rb:110:in `call'
railties (5.2.8) lib/rails/engine.rb:524:in `call'
puma (3.12.6) lib/puma/configuration.rb:227:in `call'
puma (3.12.6) lib/puma/server.rb:706:in `handle_request'
puma (3.12.6) lib/puma/server.rb:476:in `process_client'
puma (3.12.6) lib/puma/server.rb:334:in `block in run'
puma (3.12.6) lib/puma/thread_pool.rb:135:in `block in spawn_thread'
Started GET "/users" for ::1 at 2022-05-25 15:06:19 -0700
Processing by UsersController#index as */*
  Parameters: {"new"=>"deliver"}
  Rendering text template
  Rendered text template (0.0ms)
Completed 200 OK in 6ms (Views: 2.4ms | ActiveRecord: 0.0ms)


Started GET "/users" for ::1 at 2022-05-25 15:07:10 -0700
Processing by UsersController#index as */*
  Parameters: {"new"=>"deliver"}
  Rendering text template
  Rendered text template (0.0ms)
Completed 200 OK in 8ms (Views: 3.8ms | ActiveRecord: 0.0ms)


Started GET "/users?favorite_food=pizza" for ::1 at 2022-05-25 15:08:35 -0700
Processing by UsersController#index as */*
  Parameters: {"new"=>"deliver", "favorite_food"=>"pizza"}
  Rendering text template
  Rendered text template (0.0ms)
Completed 200 OK in 1ms (Views: 0.3ms | ActiveRecord: 0.0ms)


Started GET "/users?favorite_food=pizza" for ::1 at 2022-05-25 15:08:52 -0700
Processing by UsersController#index as */*
  Parameters: {"favorite_food"=>"pizza"}
  Rendering text template
  Rendered text template (0.0ms)
Completed 200 OK in 1ms (Views: 0.5ms | ActiveRecord: 0.0ms)


Started GET "/users?foods=pizza" for ::1 at 2022-05-25 15:09:12 -0700
Processing by UsersController#index as */*
  Parameters: {"foods"=>"pizza"}
  Rendering text template
  Rendered text template (0.0ms)
Completed 200 OK in 1ms (Views: 0.3ms | ActiveRecord: 0.0ms)


Started GET "/users?foods=pizza" for ::1 at 2022-05-25 15:09:50 -0700
Processing by UsersController#index as */*
  Parameters: {"new"=>"deliver", "foods"=>"pizza"}
  Rendering text template
  Rendered text template (0.0ms)
Completed 200 OK in 1ms (Views: 0.3ms | ActiveRecord: 0.0ms)


Started GET "/users" for ::1 at 2022-05-25 15:10:00 -0700
Processing by UsersController#index as */*
  Parameters: {"new"=>"deliver"}
  Rendering text template
  Rendered text template (0.0ms)
Completed 200 OK in 0ms (Views: 0.3ms | ActiveRecord: 0.0ms)


Started POST "/users" for ::1 at 2022-05-25 15:10:38 -0700
Processing by UsersController#create as */*
  Parameters: {"new"=>"deliver"}
Completed 200 OK in 1ms (Views: 1.2ms | ActiveRecord: 0.0ms)


Started POST "/users" for ::1 at 2022-05-25 15:11:54 -0700
Processing by UsersController#create as */*
  Parameters: {"dragon"=>"fruit"}
Completed 200 OK in 0ms (Views: 0.1ms | ActiveRecord: 0.0ms)


Started GET "/users/2" for ::1 at 2022-05-25 15:13:50 -0700
  
AbstractController::ActionNotFound (The action 'show' could not be found for UsersController):
  
actionpack (5.2.8) lib/abstract_controller/base.rb:129:in `process'
actionview (5.2.8) lib/action_view/rendering.rb:32:in `process'
actionpack (5.2.8) lib/action_controller/metal.rb:191:in `dispatch'
actionpack (5.2.8) lib/action_controller/metal.rb:252:in `dispatch'
actionpack (5.2.8) lib/action_dispatch/routing/route_set.rb:52:in `dispatch'
actionpack (5.2.8) lib/action_dispatch/routing/route_set.rb:34:in `serve'
actionpack (5.2.8) lib/action_dispatch/journey/router.rb:52:in `block in serve'
actionpack (5.2.8) lib/action_dispatch/journey/router.rb:35:in `each'
actionpack (5.2.8) lib/action_dispatch/journey/router.rb:35:in `serve'
actionpack (5.2.8) lib/action_dispatch/routing/route_set.rb:840:in `call'
rack (2.2.3) lib/rack/tempfile_reaper.rb:15:in `call'
rack (2.2.3) lib/rack/etag.rb:27:in `call'
rack (2.2.3) lib/rack/conditional_get.rb:27:in `call'
rack (2.2.3) lib/rack/head.rb:12:in `call'
actionpack (5.2.8) lib/action_dispatch/http/content_security_policy.rb:18:in `call'
rack (2.2.3) lib/rack/session/abstract/id.rb:266:in `context'
rack (2.2.3) lib/rack/session/abstract/id.rb:260:in `call'
actionpack (5.2.8) lib/action_dispatch/middleware/cookies.rb:670:in `call'
activerecord (5.2.8) lib/active_record/migration.rb:559:in `call'
actionpack (5.2.8) lib/action_dispatch/middleware/callbacks.rb:28:in `block in call'
activesupport (5.2.8) lib/active_support/callbacks.rb:98:in `run_callbacks'
actionpack (5.2.8) lib/action_dispatch/middleware/callbacks.rb:26:in `call'
actionpack (5.2.8) lib/action_dispatch/middleware/executor.rb:14:in `call'
actionpack (5.2.8) lib/action_dispatch/middleware/debug_exceptions.rb:61:in `call'
web-console (3.7.0) lib/web_console/middleware.rb:135:in `call_app'
web-console (3.7.0) lib/web_console/middleware.rb:30:in `block in call'
web-console (3.7.0) lib/web_console/middleware.rb:20:in `catch'
web-console (3.7.0) lib/web_console/middleware.rb:20:in `call'
actionpack (5.2.8) lib/action_dispatch/middleware/show_exceptions.rb:33:in `call'
railties (5.2.8) lib/rails/rack/logger.rb:38:in `call_app'
railties (5.2.8) lib/rails/rack/logger.rb:26:in `block in call'
activesupport (5.2.8) lib/active_support/tagged_logging.rb:71:in `block in tagged'
activesupport (5.2.8) lib/active_support/tagged_logging.rb:28:in `tagged'
activesupport (5.2.8) lib/active_support/tagged_logging.rb:71:in `tagged'
railties (5.2.8) lib/rails/rack/logger.rb:26:in `call'
sprockets-rails (3.4.2) lib/sprockets/rails/quiet_assets.rb:13:in `call'
actionpack (5.2.8) lib/action_dispatch/middleware/remote_ip.rb:81:in `call'
actionpack (5.2.8) lib/action_dispatch/middleware/request_id.rb:27:in `call'
rack (2.2.3) lib/rack/method_override.rb:24:in `call'
rack (2.2.3) lib/rack/runtime.rb:22:in `call'
activesupport (5.2.8) lib/active_support/cache/strategy/local_cache_middleware.rb:29:in `call'
actionpack (5.2.8) lib/action_dispatch/middleware/executor.rb:14:in `call'
actionpack (5.2.8) lib/action_dispatch/middleware/static.rb:127:in `call'
rack (2.2.3) lib/rack/sendfile.rb:110:in `call'
railties (5.2.8) lib/rails/engine.rb:524:in `call'
puma (3.12.6) lib/puma/configuration.rb:227:in `call'
puma (3.12.6) lib/puma/server.rb:706:in `handle_request'
puma (3.12.6) lib/puma/server.rb:476:in `process_client'
puma (3.12.6) lib/puma/server.rb:334:in `block in run'
puma (3.12.6) lib/puma/thread_pool.rb:135:in `block in spawn_thread'
Started GET "/users/2" for ::1 at 2022-05-25 15:14:46 -0700
Processing by UsersController#show as */*
  Parameters: {"dragon"=>"fruit", "id"=>"2"}
Completed 200 OK in 5ms (Views: 0.3ms | ActiveRecord: 0.0ms)


Started GET "/users/2" for ::1 at 2022-05-25 15:16:41 -0700
Processing by UsersController#show as */*
  Parameters: {"dragon"=>"fruit", "other"=>{"fruit"=>"apple"}, "last"=>{"two"=>"watermelon"}, "id"=>"2"}
Completed 200 OK in 1ms (Views: 0.3ms | ActiveRecord: 0.0ms)


Started GET "/users/2" for ::1 at 2022-05-25 15:17:08 -0700
Processing by UsersController#show as */*
  Parameters: {"dragon"=>"fruit", "other"=>{"fruit"=>{"2"=>"apple"}}, "last"=>{"two"=>"watermelon"}, "id"=>"2"}
Completed 200 OK in 1ms (Views: 0.4ms | ActiveRecord: 0.0ms)


Started GET "/users/2" for ::1 at 2022-05-25 15:17:19 -0700
Processing by UsersController#show as */*
  Parameters: {"dragon"=>"fruit", "other"=>{"fruit"=>{"2"=>{"3"=>"apple"}}}, "last"=>{"two"=>"watermelon"}, "id"=>"2"}
Completed 200 OK in 0ms (Views: 0.2ms | ActiveRecord: 0.0ms)


Started GET "/users/2" for ::1 at 2022-05-25 15:17:32 -0700
Processing by UsersController#show as */*
  Parameters: {"dragon"=>"fruit", "other"=>{"fruit"=>{"2"=>{"3"=>"apple[fuji]"}}}, "last"=>{"two"=>"watermelon"}, "id"=>"2"}
Completed 200 OK in 0ms (Views: 0.2ms | ActiveRecord: 0.0ms)


  [1m[35m (34.3ms)[0m  [1m[35mCREATE TABLE "schema_migrations" ("version" character varying NOT NULL PRIMARY KEY)[0m
  ↳ bin/rails:9
  [1m[35m (43.4ms)[0m  [1m[35mCREATE TABLE "ar_internal_metadata" ("key" character varying NOT NULL PRIMARY KEY, "value" character varying, "created_at" timestamp NOT NULL, "updated_at" timestamp NOT NULL)[0m
  ↳ bin/rails:9
  [1m[35m (1.1ms)[0m  [1m[34mSELECT pg_try_advisory_lock(8276142614807718315)[0m
  ↳ bin/rails:9
  [1m[35m (1.5ms)[0m  [1m[34mSELECT "schema_migrations"."version" FROM "schema_migrations" ORDER BY "schema_migrations"."version" ASC[0m
  ↳ bin/rails:9
Migrating to CreateUser (20220525221930)
  [1m[35m (0.1ms)[0m  [1m[35mBEGIN[0m
  ↳ bin/rails:9
  [1m[35m (47.5ms)[0m  [1m[35mCREATE TABLE "users" ("id" bigserial primary key, "name" character varying NOT NULL, "email" character varying NOT NULL, "created_at" timestamp NOT NULL, "updated_at" timestamp NOT NULL)[0m
  ↳ db/migrate/20220525221930_create_user.rb:3
  [1m[36mActiveRecord::SchemaMigration Create (2.5ms)[0m  [1m[32mINSERT INTO "schema_migrations" ("version") VALUES ($1) RETURNING "version"[0m  [["version", "20220525221930"]]
  ↳ bin/rails:9
  [1m[35m (0.5ms)[0m  [1m[35mCOMMIT[0m
  ↳ bin/rails:9
  [1m[36mActiveRecord::InternalMetadata Load (0.9ms)[0m  [1m[34mSELECT  "ar_internal_metadata".* FROM "ar_internal_metadata" WHERE "ar_internal_metadata"."key" = $1 LIMIT $2[0m  [["key", "environment"], ["LIMIT", 1]]
  ↳ bin/rails:9
  [1m[35m (0.2ms)[0m  [1m[35mBEGIN[0m
  ↳ bin/rails:9
  [1m[36mActiveRecord::InternalMetadata Create (1.2ms)[0m  [1m[32mINSERT INTO "ar_internal_metadata" ("key", "value", "created_at", "updated_at") VALUES ($1, $2, $3, $4) RETURNING "key"[0m  [["key", "environment"], ["value", "development"], ["created_at", "2022-05-25 22:21:53.775043"], ["updated_at", "2022-05-25 22:21:53.775043"]]
  ↳ bin/rails:9
  [1m[35m (0.3ms)[0m  [1m[35mCOMMIT[0m
  ↳ bin/rails:9
  [1m[35m (0.2ms)[0m  [1m[34mSELECT pg_advisory_unlock(8276142614807718315)[0m
  ↳ bin/rails:9
  [1m[35m (0.2ms)[0m  [1m[34mSELECT "schema_migrations"."version" FROM "schema_migrations" ORDER BY "schema_migrations"."version" ASC[0m
  ↳ bin/rails:9
  [1m[35m (0.2ms)[0m  [1m[35mBEGIN[0m
  [1m[36mUser Create (42.5ms)[0m  [1m[32mINSERT INTO "users" ("name", "email", "created_at", "updated_at") VALUES ($1, $2, $3, $4) RETURNING "id"[0m  [["name", "Paul"], ["email", "paul@gmail.com"], ["created_at", "2022-05-25 22:25:25.481263"], ["updated_at", "2022-05-25 22:25:25.481263"]]
  [1m[35m (41.0ms)[0m  [1m[35mCOMMIT[0m
  [1m[36mUser Load (0.4ms)[0m  [1m[34mSELECT  "users".* FROM "users" LIMIT $1[0m  [["LIMIT", 11]]
  [1m[35m (23.2ms)[0m  [1m[34mSELECT "schema_migrations"."version" FROM "schema_migrations" ORDER BY "schema_migrations"."version" ASC[0m
  ↳ bin/rails:9
  [1m[36mUser Load (0.3ms)[0m  [1m[34mSELECT  "users".* FROM "users" LIMIT $1[0m  [["LIMIT", 11]]
Started GET "/users" for ::1 at 2022-05-25 15:29:32 -0700
  [1m[35m (0.9ms)[0m  [1m[34mSELECT "schema_migrations"."version" FROM "schema_migrations" ORDER BY "schema_migrations"."version" ASC[0m
  ↳ /Users/peter/.rbenv/versions/2.5.1/lib/ruby/gems/2.5.0/gems/activerecord-5.2.8/lib/active_record/log_subscriber.rb:98
Processing by UsersController#index as */*
  [1m[36mUser Load (3.3ms)[0m  [1m[34mSELECT "users".* FROM "users"[0m
  ↳ app/controllers/users_controller.rb:5
Completed 200 OK in 22ms (Views: 6.8ms | ActiveRecord: 9.2ms)


  [1m[35m (0.3ms)[0m  [1m[35mBEGIN[0m
  [1m[36mUser Create (1.5ms)[0m  [1m[32mINSERT INTO "users" ("name", "email", "created_at", "updated_at") VALUES ($1, $2, $3, $4) RETURNING "id"[0m  [["name", "bono"], ["email", "gmail@gmail.com"], ["created_at", "2022-05-25 22:30:50.192059"], ["updated_at", "2022-05-25 22:30:50.192059"]]
  [1m[35m (40.8ms)[0m  [1m[35mCOMMIT[0m
Started GET "/users" for ::1 at 2022-05-25 15:31:04 -0700
  [1m[35m (0.7ms)[0m  [1m[34mSELECT "schema_migrations"."version" FROM "schema_migrations" ORDER BY "schema_migrations"."version" ASC[0m
  ↳ /Users/peter/.rbenv/versions/2.5.1/lib/ruby/gems/2.5.0/gems/activerecord-5.2.8/lib/active_record/log_subscriber.rb:98
Processing by UsersController#index as */*
  [1m[36mUser Load (1.0ms)[0m  [1m[34mSELECT "users".* FROM "users"[0m
  ↳ app/controllers/users_controller.rb:5
Completed 200 OK in 20ms (Views: 7.0ms | ActiveRecord: 5.5ms)


Started POST "/users?user[:name]=dog&user[:email]=dog@gmail.com" for ::1 at 2022-05-25 15:37:26 -0700
  [1m[35m (0.8ms)[0m  [1m[34mSELECT "schema_migrations"."version" FROM "schema_migrations" ORDER BY "schema_migrations"."version" ASC[0m
  ↳ /Users/peter/.rbenv/versions/2.5.1/lib/ruby/gems/2.5.0/gems/activerecord-5.2.8/lib/active_record/log_subscriber.rb:98
Processing by UsersController#create as */*
  Parameters: {"user"=>{":name"=>"dog", ":email"=>"dog@gmail.com"}}
Unpermitted parameters: ::name, ::email
  [1m[35m (0.1ms)[0m  [1m[35mBEGIN[0m
  ↳ app/controllers/users_controller.rb:11
  [1m[35m (40.9ms)[0m  [1m[31mROLLBACK[0m
  ↳ app/controllers/users_controller.rb:11
Completed 422 Unprocessable Entity in 78ms (ActiveRecord: 44.7ms)


  
ActiveRecord::RecordInvalid (Validation failed: Name can't be blank, Email can't be blank):
  
app/controllers/users_controller.rb:11:in `create'
Started POST "/users?user[name]=dog&user[email]=dog@gmail.com" for ::1 at 2022-05-25 15:37:44 -0700
Processing by UsersController#create as */*
  Parameters: {"user"=>{"name"=>"dog", "email"=>"dog@gmail.com"}}
  [1m[35m (2.0ms)[0m  [1m[35mBEGIN[0m
  ↳ app/controllers/users_controller.rb:11
  [1m[36mUser Create (2.4ms)[0m  [1m[32mINSERT INTO "users" ("name", "email", "created_at", "updated_at") VALUES ($1, $2, $3, $4) RETURNING "id"[0m  [["name", "dog"], ["email", "dog@gmail.com"], ["created_at", "2022-05-25 22:37:44.508343"], ["updated_at", "2022-05-25 22:37:44.508343"]]
  ↳ app/controllers/users_controller.rb:11
  [1m[35m (47.2ms)[0m  [1m[35mCOMMIT[0m
  ↳ app/controllers/users_controller.rb:11
Completed 200 OK in 55ms (Views: 0.5ms | ActiveRecord: 51.6ms)


Started GET "/users" for ::1 at 2022-05-25 15:38:00 -0700
Processing by UsersController#index as */*
  [1m[36mUser Load (0.3ms)[0m  [1m[34mSELECT "users".* FROM "users"[0m
  ↳ app/controllers/users_controller.rb:5
Completed 200 OK in 17ms (Views: 16.5ms | ActiveRecord: 0.3ms)


Started GET "/users?user[name]=dog" for ::1 at 2022-05-25 15:38:29 -0700
Processing by UsersController#index as */*
  Parameters: {"user"=>{"name"=>"dog"}}
  [1m[36mUser Load (1.0ms)[0m  [1m[34mSELECT "users".* FROM "users"[0m
  ↳ app/controllers/users_controller.rb:5
Completed 200 OK in 3ms (Views: 1.5ms | ActiveRecord: 1.0ms)


Started GET "/users?user[name]=dog" for ::1 at 2022-05-25 15:38:35 -0700
Processing by UsersController#index as */*
  Parameters: {"user"=>{"name"=>"dog"}}
  [1m[36mUser Load (0.3ms)[0m  [1m[34mSELECT "users".* FROM "users"[0m
  ↳ app/controllers/users_controller.rb:5
Completed 200 OK in 2ms (Views: 1.1ms | ActiveRecord: 0.3ms)


Started POST "/users?user[name]=dog" for ::1 at 2022-05-25 15:38:46 -0700
Processing by UsersController#create as */*
  Parameters: {"user"=>{"name"=>"dog"}}
  [1m[35m (0.9ms)[0m  [1m[35mBEGIN[0m
  ↳ app/controllers/users_controller.rb:11
  [1m[35m (1.5ms)[0m  [1m[31mROLLBACK[0m
  ↳ app/controllers/users_controller.rb:11
Completed 422 Unprocessable Entity in 5ms (ActiveRecord: 2.4ms)


  
ActiveRecord::RecordInvalid (Validation failed: Email can't be blank):
  
app/controllers/users_controller.rb:11:in `create'
Started POST "/users?user[name]=dog" for ::1 at 2022-05-25 16:01:55 -0700
  [1m[35m (0.6ms)[0m  [1m[34mSELECT "schema_migrations"."version" FROM "schema_migrations" ORDER BY "schema_migrations"."version" ASC[0m
  ↳ /Users/peter/.rbenv/versions/2.5.1/lib/ruby/gems/2.5.0/gems/activerecord-5.2.8/lib/active_record/log_subscriber.rb:98
Processing by UsersController#create as */*
  Parameters: {"user"=>{"name"=>"dog"}}
  [1m[35m (0.5ms)[0m  [1m[35mBEGIN[0m
  ↳ app/controllers/users_controller.rb:12
  [1m[35m (0.2ms)[0m  [1m[31mROLLBACK[0m
  ↳ app/controllers/users_controller.rb:12
Completed 422 Unprocessable Entity in 29ms (Views: 0.3ms | ActiveRecord: 7.1ms)


Started POST "/users/3" for ::1 at 2022-05-25 16:05:40 -0700
  [1m[35m (0.6ms)[0m  [1m[34mSELECT "schema_migrations"."version" FROM "schema_migrations" ORDER BY "schema_migrations"."version" ASC[0m
  ↳ /Users/peter/.rbenv/versions/2.5.1/lib/ruby/gems/2.5.0/gems/activerecord-5.2.8/lib/active_record/log_subscriber.rb:98
  
ActionController::RoutingError (No route matches [POST] "/users/3"):
  
actionpack (5.2.8) lib/action_dispatch/middleware/debug_exceptions.rb:65:in `call'
web-console (3.7.0) lib/web_console/middleware.rb:135:in `call_app'
web-console (3.7.0) lib/web_console/middleware.rb:30:in `block in call'
web-console (3.7.0) lib/web_console/middleware.rb:20:in `catch'
web-console (3.7.0) lib/web_console/middleware.rb:20:in `call'
actionpack (5.2.8) lib/action_dispatch/middleware/show_exceptions.rb:33:in `call'
railties (5.2.8) lib/rails/rack/logger.rb:38:in `call_app'
railties (5.2.8) lib/rails/rack/logger.rb:26:in `block in call'
activesupport (5.2.8) lib/active_support/tagged_logging.rb:71:in `block in tagged'
activesupport (5.2.8) lib/active_support/tagged_logging.rb:28:in `tagged'
activesupport (5.2.8) lib/active_support/tagged_logging.rb:71:in `tagged'
railties (5.2.8) lib/rails/rack/logger.rb:26:in `call'
sprockets-rails (3.4.2) lib/sprockets/rails/quiet_assets.rb:13:in `call'
actionpack (5.2.8) lib/action_dispatch/middleware/remote_ip.rb:81:in `call'
actionpack (5.2.8) lib/action_dispatch/middleware/request_id.rb:27:in `call'
rack (2.2.3) lib/rack/method_override.rb:24:in `call'
rack (2.2.3) lib/rack/runtime.rb:22:in `call'
activesupport (5.2.8) lib/active_support/cache/strategy/local_cache_middleware.rb:29:in `call'
actionpack (5.2.8) lib/action_dispatch/middleware/executor.rb:14:in `call'
actionpack (5.2.8) lib/action_dispatch/middleware/static.rb:127:in `call'
rack (2.2.3) lib/rack/sendfile.rb:110:in `call'
railties (5.2.8) lib/rails/engine.rb:524:in `call'
puma (3.12.6) lib/puma/configuration.rb:227:in `call'
puma (3.12.6) lib/puma/server.rb:706:in `handle_request'
puma (3.12.6) lib/puma/server.rb:476:in `process_client'
puma (3.12.6) lib/puma/server.rb:334:in `block in run'
puma (3.12.6) lib/puma/thread_pool.rb:135:in `block in spawn_thread'
Started GET "/users/3" for ::1 at 2022-05-25 16:05:43 -0700
Processing by UsersController#show as */*
  Parameters: {"id"=>"3"}
  [1m[36mUser Load (0.4ms)[0m  [1m[34mSELECT  "users".* FROM "users" WHERE "users"."id" = $1 LIMIT $2[0m  [["id", 3], ["LIMIT", 1]]
  ↳ app/controllers/users_controller.rb:24
Completed 200 OK in 19ms (Views: 0.5ms | ActiveRecord: 8.8ms)


Started GET "/users/2" for ::1 at 2022-05-25 16:05:47 -0700
Processing by UsersController#show as */*
  Parameters: {"id"=>"2"}
  [1m[36mUser Load (1.1ms)[0m  [1m[34mSELECT  "users".* FROM "users" WHERE "users"."id" = $1 LIMIT $2[0m  [["id", 2], ["LIMIT", 1]]
  ↳ app/controllers/users_controller.rb:24
Completed 200 OK in 3ms (Views: 0.4ms | ActiveRecord: 1.1ms)


Started GET "/users/2" for ::1 at 2022-05-25 16:29:20 -0700
  [1m[35m (0.5ms)[0m  [1m[34mSELECT "schema_migrations"."version" FROM "schema_migrations" ORDER BY "schema_migrations"."version" ASC[0m
  ↳ /Users/peter/.rbenv/versions/2.5.1/lib/ruby/gems/2.5.0/gems/activerecord-5.2.8/lib/active_record/log_subscriber.rb:98
Processing by UsersController#show as */*
  Parameters: {"id"=>"2"}
  [1m[36mUser Load (0.4ms)[0m  [1m[34mSELECT  "users".* FROM "users" WHERE "users"."id" = $1 LIMIT $2[0m  [["id", 2], ["LIMIT", 1]]
  ↳ app/controllers/users_controller.rb:20
Completed 200 OK in 29ms (Views: 1.0ms | ActiveRecord: 10.7ms)


Started PATCH "/users/2?user[name]=bo" for ::1 at 2022-05-25 16:30:19 -0700
Processing by UsersController#update as */*
  Parameters: {"user"=>{"name"=>"bo"}, "id"=>"2"}
Completed 500 Internal Server Error in 1ms (ActiveRecord: 0.0ms)


  
NameError (uninitialized constant UsersController::Chirp):
  
app/controllers/users_controller.rb:26:in `update'
Started PATCH "/users/2?user[name]=bo" for ::1 at 2022-05-25 16:31:35 -0700
  [1m[35m (0.5ms)[0m  [1m[34mSELECT "schema_migrations"."version" FROM "schema_migrations" ORDER BY "schema_migrations"."version" ASC[0m
  ↳ /Users/peter/.rbenv/versions/2.5.1/lib/ruby/gems/2.5.0/gems/activerecord-5.2.8/lib/active_record/log_subscriber.rb:98
Processing by UsersController#update as */*
  Parameters: {"user"=>{"name"=>"bo"}, "id"=>"2"}
  [1m[36mUser Load (0.4ms)[0m  [1m[34mSELECT  "users".* FROM "users" WHERE "users"."id" = $1 LIMIT $2[0m  [["id", 2], ["LIMIT", 1]]
  ↳ app/controllers/users_controller.rb:26
  [1m[35m (0.2ms)[0m  [1m[35mBEGIN[0m
  ↳ app/controllers/users_controller.rb:27
  [1m[36mUser Update (41.6ms)[0m  [1m[33mUPDATE "users" SET "name" = $1, "updated_at" = $2 WHERE "users"."id" = $3[0m  [["name", "bo"], ["updated_at", "2022-05-25 23:31:35.742707"], ["id", 2]]
  ↳ app/controllers/users_controller.rb:27
  [1m[35m (1.4ms)[0m  [1m[35mCOMMIT[0m
  ↳ app/controllers/users_controller.rb:27
Redirected to http://localhost:3000/users/2
Completed 302 Found in 72ms (ActiveRecord: 48.3ms)


Started GET "/users/2" for ::1 at 2022-05-25 16:31:35 -0700
Processing by UsersController#show as */*
  Parameters: {"id"=>"2"}
  [1m[36mUser Load (0.3ms)[0m  [1m[34mSELECT  "users".* FROM "users" WHERE "users"."id" = $1 LIMIT $2[0m  [["id", 2], ["LIMIT", 1]]
  ↳ app/controllers/users_controller.rb:20
Completed 200 OK in 2ms (Views: 0.4ms | ActiveRecord: 0.3ms)


Started PATCH "/users/2?user[name]=bono" for ::1 at 2022-05-25 16:32:47 -0700
  [1m[35m (0.5ms)[0m  [1m[34mSELECT "schema_migrations"."version" FROM "schema_migrations" ORDER BY "schema_migrations"."version" ASC[0m
  ↳ /Users/peter/.rbenv/versions/2.5.1/lib/ruby/gems/2.5.0/gems/activerecord-5.2.8/lib/active_record/log_subscriber.rb:98
Processing by UsersController#update as */*
  Parameters: {"user"=>{"name"=>"bono"}, "id"=>"2"}
  [1m[36mUser Load (0.4ms)[0m  [1m[34mSELECT  "users".* FROM "users" WHERE "users"."id" = $1 LIMIT $2[0m  [["id", 2], ["LIMIT", 1]]
  ↳ app/controllers/users_controller.rb:26
  [1m[35m (0.2ms)[0m  [1m[35mBEGIN[0m
  ↳ app/controllers/users_controller.rb:27
  [1m[36mUser Update (0.8ms)[0m  [1m[33mUPDATE "users" SET "name" = $1, "updated_at" = $2 WHERE "users"."id" = $3[0m  [["name", "bono"], ["updated_at", "2022-05-25 23:32:47.375123"], ["id", 2]]
  ↳ app/controllers/users_controller.rb:27
  [1m[35m (43.4ms)[0m  [1m[35mCOMMIT[0m
  ↳ app/controllers/users_controller.rb:27
Redirected to http://localhost:3000/users/id
Completed 302 Found in 69ms (ActiveRecord: 53.3ms)


Started GET "/users/id" for ::1 at 2022-05-25 16:32:47 -0700
Processing by UsersController#show as */*
  Parameters: {"id"=>"id"}
  [1m[36mUser Load (0.4ms)[0m  [1m[34mSELECT  "users".* FROM "users" WHERE "users"."id" = $1 LIMIT $2[0m  [["id", 0], ["LIMIT", 1]]
  ↳ app/controllers/users_controller.rb:20
Completed 404 Not Found in 2ms (ActiveRecord: 0.4ms)


  
ActiveRecord::RecordNotFound (Couldn't find User with 'id'=id):
  
app/controllers/users_controller.rb:20:in `show'
Started PATCH "/users/2?user[name]=bono" for ::1 at 2022-05-25 16:33:17 -0700
  [1m[35m (0.5ms)[0m  [1m[34mSELECT "schema_migrations"."version" FROM "schema_migrations" ORDER BY "schema_migrations"."version" ASC[0m
  ↳ /Users/peter/.rbenv/versions/2.5.1/lib/ruby/gems/2.5.0/gems/activerecord-5.2.8/lib/active_record/log_subscriber.rb:98
Processing by UsersController#update as */*
  Parameters: {"user"=>{"name"=>"bono"}, "id"=>"2"}
  [1m[36mUser Load (0.7ms)[0m  [1m[34mSELECT  "users".* FROM "users" WHERE "users"."id" = $1 LIMIT $2[0m  [["id", 2], ["LIMIT", 1]]
  ↳ app/controllers/users_controller.rb:26
  [1m[35m (0.1ms)[0m  [1m[35mBEGIN[0m
  ↳ app/controllers/users_controller.rb:27
  [1m[35m (0.1ms)[0m  [1m[35mCOMMIT[0m
  ↳ app/controllers/users_controller.rb:27
Redirected to http://localhost:3000/users/2
Completed 302 Found in 26ms (ActiveRecord: 7.4ms)


Started GET "/users/2" for ::1 at 2022-05-25 16:33:17 -0700
Processing by UsersController#show as */*
  Parameters: {"id"=>"2"}
  [1m[36mUser Load (0.2ms)[0m  [1m[34mSELECT  "users".* FROM "users" WHERE "users"."id" = $1 LIMIT $2[0m  [["id", 2], ["LIMIT", 1]]
  ↳ app/controllers/users_controller.rb:20
Completed 200 OK in 2ms (Views: 0.9ms | ActiveRecord: 0.2ms)


  [1m[35m (0.1ms)[0m  [1m[34mSELECT pg_try_advisory_lock(8276142614807718315)[0m
  ↳ bin/rails:9
  [1m[35m (0.5ms)[0m  [1m[34mSELECT "schema_migrations"."version" FROM "schema_migrations" ORDER BY "schema_migrations"."version" ASC[0m
  ↳ bin/rails:9
Migrating to RemoveEmailsFromUser (20220525234552)
  [1m[35m (0.2ms)[0m  [1m[35mBEGIN[0m
  ↳ bin/rails:9
  [1m[35m (45.0ms)[0m  [1m[35mALTER TABLE "user" DROP COLUMN "email"[0m
  ↳ db/migrate/20220525234552_remove_emails_from_user.rb:3
  [1m[35m (0.2ms)[0m  [1m[31mROLLBACK[0m
  ↳ bin/rails:9
  [1m[35m (0.3ms)[0m  [1m[34mSELECT pg_advisory_unlock(8276142614807718315)[0m
  ↳ bin/rails:9
  [1m[35m (0.2ms)[0m  [1m[34mSELECT pg_try_advisory_lock(8276142614807718315)[0m
  ↳ bin/rails:9
  [1m[35m (0.5ms)[0m  [1m[34mSELECT "schema_migrations"."version" FROM "schema_migrations" ORDER BY "schema_migrations"."version" ASC[0m
  ↳ bin/rails:9
Migrating to RemoveEmailsFromUser (20220525234552)
  [1m[35m (0.1ms)[0m  [1m[35mBEGIN[0m
  ↳ bin/rails:9
  [1m[35m (4.8ms)[0m  [1m[35mALTER TABLE "users" DROP COLUMN "email"[0m
  ↳ db/migrate/20220525234552_remove_emails_from_user.rb:3
  [1m[36mActiveRecord::SchemaMigration Create (0.4ms)[0m  [1m[32mINSERT INTO "schema_migrations" ("version") VALUES ($1) RETURNING "version"[0m  [["version", "20220525234552"]]
  ↳ bin/rails:9
  [1m[35m (0.5ms)[0m  [1m[35mCOMMIT[0m
  ↳ bin/rails:9
  [1m[36mActiveRecord::InternalMetadata Load (0.4ms)[0m  [1m[34mSELECT  "ar_internal_metadata".* FROM "ar_internal_metadata" WHERE "ar_internal_metadata"."key" = $1 LIMIT $2[0m  [["key", "environment"], ["LIMIT", 1]]
  ↳ bin/rails:9
  [1m[35m (0.1ms)[0m  [1m[35mBEGIN[0m
  ↳ bin/rails:9
  [1m[35m (0.1ms)[0m  [1m[35mCOMMIT[0m
  ↳ bin/rails:9
  [1m[35m (0.2ms)[0m  [1m[34mSELECT pg_advisory_unlock(8276142614807718315)[0m
  ↳ bin/rails:9
  [1m[35m (0.2ms)[0m  [1m[34mSELECT "schema_migrations"."version" FROM "schema_migrations" ORDER BY "schema_migrations"."version" ASC[0m
  ↳ bin/rails:9
  [1m[35m (0.5ms)[0m  [1m[34mSELECT "schema_migrations"."version" FROM "schema_migrations" ORDER BY "schema_migrations"."version" ASC[0m
  ↳ bin/rails:9
  [1m[35m (0.2ms)[0m  [1m[34mSELECT "schema_migrations"."version" FROM "schema_migrations" ORDER BY "schema_migrations"."version" ASC[0m
  ↳ bin/rails:9
  [1m[35m (0.2ms)[0m  [1m[34mSELECT "schema_migrations"."version" FROM "schema_migrations" ORDER BY "schema_migrations"."version" ASC[0m
  ↳ bin/rails:9
  [1m[35m (0.2ms)[0m  [1m[34mSELECT pg_try_advisory_lock(8276142614807718315)[0m
  ↳ bin/rails:9
  [1m[35m (0.1ms)[0m  [1m[34mSELECT "schema_migrations"."version" FROM "schema_migrations" ORDER BY "schema_migrations"."version" ASC[0m
  ↳ bin/rails:9
Migrating to RemoveEmailsFromUser (20220525234552)
  [1m[35m (0.1ms)[0m  [1m[35mBEGIN[0m
  ↳ bin/rails:9
  [1m[35m (0.2ms)[0m  [1m[31mROLLBACK[0m
  ↳ bin/rails:9
  [1m[35m (0.2ms)[0m  [1m[34mSELECT pg_advisory_unlock(8276142614807718315)[0m
  ↳ bin/rails:9
  [1m[35m (0.1ms)[0m  [1m[34mSELECT pg_try_advisory_lock(8276142614807718315)[0m
  ↳ bin/rails:9
  [1m[35m (0.5ms)[0m  [1m[34mSELECT "schema_migrations"."version" FROM "schema_migrations" ORDER BY "schema_migrations"."version" ASC[0m
  ↳ bin/rails:9
Migrating to Indexusersname (20220525234956)
  [1m[35m (0.1ms)[0m  [1m[35mBEGIN[0m
  ↳ bin/rails:9
  [1m[35m (43.2ms)[0m  [1m[35mCREATE  INDEX  "index_users_on_name" ON "users"  ("name")[0m
  ↳ db/migrate/20220525234956_indexusersname.rb:3
  [1m[36mActiveRecord::SchemaMigration Create (0.4ms)[0m  [1m[32mINSERT INTO "schema_migrations" ("version") VALUES ($1) RETURNING "version"[0m  [["version", "20220525234956"]]
  ↳ bin/rails:9
  [1m[35m (0.6ms)[0m  [1m[35mCOMMIT[0m
  ↳ bin/rails:9
  [1m[36mActiveRecord::InternalMetadata Load (0.4ms)[0m  [1m[34mSELECT  "ar_internal_metadata".* FROM "ar_internal_metadata" WHERE "ar_internal_metadata"."key" = $1 LIMIT $2[0m  [["key", "environment"], ["LIMIT", 1]]
  ↳ bin/rails:9
  [1m[35m (0.1ms)[0m  [1m[35mBEGIN[0m
  ↳ bin/rails:9
  [1m[35m (0.1ms)[0m  [1m[35mCOMMIT[0m
  ↳ bin/rails:9
  [1m[35m (0.2ms)[0m  [1m[34mSELECT pg_advisory_unlock(8276142614807718315)[0m
  ↳ bin/rails:9
  [1m[35m (0.2ms)[0m  [1m[34mSELECT "schema_migrations"."version" FROM "schema_migrations" ORDER BY "schema_migrations"."version" ASC[0m
  ↳ bin/rails:9
